app/build/intermediates/manifest_merge_blame_file/release/processReleaseMainManifest/manifest-merger-blame-release-report.txt
1<?xml version="1.0" encoding="utf-8"?>
2<manifest xmlns:android="http://schemas.android.com/apk/res/android"
3    package="com.studyinfo.app"
4    android:versionCode="2"
5    android:versionName="1.1.0" >
6
7    <uses-sdk
8        android:minSdkVersion="24"
9        android:targetSdkVersion="35" />
10
11    <!-- Minimal permissions: only network (for Firebase sync) and notifications -->
12    <uses-permission android:name="android.permission.INTERNET" />
12-->src/main/AndroidManifest.xml:6:5-67
12-->src/main/AndroidManifest.xml:6:22-64
13    <uses-permission android:name="android.permission.ACCESS_NETWORK_STATE" />
13-->src/main/AndroidManifest.xml:7:5-79
13-->src/main/AndroidManifest.xml:7:22-76
14    <uses-permission android:name="android.permission.POST_NOTIFICATIONS" />
14-->src/main/AndroidManifest.xml:8:5-77
14-->src/main/AndroidManifest.xml:8:22-74
15    <!-- Camera only required when capturing a question photo via the in-app intent -->
16    <uses-permission android:name="android.permission.CAMERA" />
16-->src/main/AndroidManifest.xml:10:5-65
16-->src/main/AndroidManifest.xml:10:22-62
17
18    <uses-feature
18-->src/main/AndroidManifest.xml:11:5-85
19        android:name="android.hardware.camera"
19-->src/main/AndroidManifest.xml:11:19-57
20        android:required="false" />
20-->src/main/AndroidManifest.xml:11:58-82
21
22    <uses-permission android:name="android.permission.WAKE_LOCK" />
22-->[androidx.work:work-runtime:2.9.1] AndroidManifest.xml:23:5-68
22-->[androidx.work:work-runtime:2.9.1] AndroidManifest.xml:23:22-65
23    <uses-permission android:name="android.permission.RECEIVE_BOOT_COMPLETED" />
23-->[androidx.work:work-runtime:2.9.1] AndroidManifest.xml:25:5-81
23-->[androidx.work:work-runtime:2.9.1] AndroidManifest.xml:25:22-78
24    <uses-permission android:name="android.permission.FOREGROUND_SERVICE" />
24-->[androidx.work:work-runtime:2.9.1] AndroidManifest.xml:26:5-77
24-->[androidx.work:work-runtime:2.9.1] AndroidManifest.xml:26:22-74
25    <uses-permission android:name="com.google.android.finsky.permission.BIND_GET_INSTALL_REFERRER_SERVICE" />
25-->[com.google.android.gms:play-services-measurement:23.2.0] AndroidManifest.xml:26:5-110
25-->[com.google.android.gms:play-services-measurement:23.2.0] AndroidManifest.xml:26:22-107
26    <uses-permission android:name="com.google.android.gms.permission.AD_ID" />
26-->[com.google.android.gms:play-services-measurement-api:23.2.0] AndroidManifest.xml:25:5-79
26-->[com.google.android.gms:play-services-measurement-api:23.2.0] AndroidManifest.xml:25:22-76
27    <uses-permission android:name="android.permission.ACCESS_ADSERVICES_ATTRIBUTION" />
27-->[com.google.android.gms:play-services-measurement-api:23.2.0] AndroidManifest.xml:26:5-88
27-->[com.google.android.gms:play-services-measurement-api:23.2.0] AndroidManifest.xml:26:22-85
28    <uses-permission android:name="android.permission.ACCESS_ADSERVICES_AD_ID" />
28-->[com.google.android.gms:play-services-measurement-api:23.2.0] AndroidManifest.xml:27:5-82
28-->[com.google.android.gms:play-services-measurement-api:23.2.0] AndroidManifest.xml:27:22-79
29    <uses-permission android:name="com.google.android.providers.gsf.permission.READ_GSERVICES" />
29-->[com.google.android.recaptcha:recaptcha:18.6.1] AndroidManifest.xml:9:5-98
29-->[com.google.android.recaptcha:recaptcha:18.6.1] AndroidManifest.xml:9:22-95
30
31    <permission
31-->[androidx.core:core:1.13.1] AndroidManifest.xml:22:5-24:47
32        android:name="com.studyinfo.app.DYNAMIC_RECEIVER_NOT_EXPORTED_PERMISSION"
32-->[androidx.core:core:1.13.1] AndroidManifest.xml:23:9-81
33        android:protectionLevel="signature" />
33-->[androidx.core:core:1.13.1] AndroidManifest.xml:24:9-44
34
35    <uses-permission android:name="com.studyinfo.app.DYNAMIC_RECEIVER_NOT_EXPORTED_PERMISSION" />
35-->[androidx.core:core:1.13.1] AndroidManifest.xml:26:5-97
35-->[androidx.core:core:1.13.1] AndroidManifest.xml:26:22-94
36
37    <application
37-->src/main/AndroidManifest.xml:13:5-59:19
38        android:name="com.studyinfo.app.PrepVaultApp"
38-->src/main/AndroidManifest.xml:14:9-37
39        android:allowBackup="false"
39-->src/main/AndroidManifest.xml:15:9-36
40        android:appComponentFactory="androidx.core.app.CoreComponentFactory"
40-->[androidx.core:core:1.13.1] AndroidManifest.xml:28:18-86
41        android:enableOnBackInvokedCallback="true"
41-->src/main/AndroidManifest.xml:21:9-51
42        android:extractNativeLibs="false"
43        android:icon="@drawable/ic_launcher"
43-->src/main/AndroidManifest.xml:16:9-45
44        android:label="@string/app_name"
44-->src/main/AndroidManifest.xml:17:9-41
45        android:roundIcon="@drawable/ic_launcher_round"
45-->src/main/AndroidManifest.xml:18:9-56
46        android:supportsRtl="true"
46-->src/main/AndroidManifest.xml:19:9-35
47        android:theme="@style/Theme.PrepVault" >
47-->src/main/AndroidManifest.xml:20:9-47
48        <activity
48-->src/main/AndroidManifest.xml:24:9-33:20
49            android:name="com.studyinfo.app.MainActivity"
49-->src/main/AndroidManifest.xml:25:13-41
50            android:exported="true"
50-->src/main/AndroidManifest.xml:26:13-36
51            android:theme="@style/Theme.PrepVault.Splash"
51-->src/main/AndroidManifest.xml:28:13-58
52            android:windowSoftInputMode="adjustResize" >
52-->src/main/AndroidManifest.xml:27:13-55
53            <intent-filter>
53-->src/main/AndroidManifest.xml:29:13-32:29
54                <action android:name="android.intent.action.MAIN" />
54-->src/main/AndroidManifest.xml:30:17-69
54-->src/main/AndroidManifest.xml:30:25-66
55
56                <category android:name="android.intent.category.LAUNCHER" />
56-->src/main/AndroidManifest.xml:31:17-77
56-->src/main/AndroidManifest.xml:31:27-74
57            </intent-filter>
58        </activity>
59
60        <!-- WorkManager - default initializer (we use Configuration.Provider in App) -->
61        <provider
62            android:name="androidx.startup.InitializationProvider"
62-->src/main/AndroidManifest.xml:37:13-67
63            android:authorities="com.studyinfo.app.androidx-startup"
63-->src/main/AndroidManifest.xml:38:13-68
64            android:exported="false" >
64-->src/main/AndroidManifest.xml:39:13-37
65            <meta-data
65-->[androidx.emoji2:emoji2:1.3.0] AndroidManifest.xml:29:13-31:52
66                android:name="androidx.emoji2.text.EmojiCompatInitializer"
66-->[androidx.emoji2:emoji2:1.3.0] AndroidManifest.xml:30:17-75
67                android:value="androidx.startup" />
67-->[androidx.emoji2:emoji2:1.3.0] AndroidManifest.xml:31:17-49
68            <meta-data
68-->[androidx.lifecycle:lifecycle-process:2.8.6] AndroidManifest.xml:29:13-31:52
69                android:name="androidx.lifecycle.ProcessLifecycleInitializer"
69-->[androidx.lifecycle:lifecycle-process:2.8.6] AndroidManifest.xml:30:17-78
70                android:value="androidx.startup" />
70-->[androidx.lifecycle:lifecycle-process:2.8.6] AndroidManifest.xml:31:17-49
71            <meta-data
71-->[androidx.profileinstaller:profileinstaller:1.3.1] AndroidManifest.xml:29:13-31:52
72                android:name="androidx.profileinstaller.ProfileInstallerInitializer"
72-->[androidx.profileinstaller:profileinstaller:1.3.1] AndroidManifest.xml:30:17-85
73                android:value="androidx.startup" />
73-->[androidx.profileinstaller:profileinstaller:1.3.1] AndroidManifest.xml:31:17-49
74        </provider>
75
76        <!-- FileProvider for sharing backups / camera captures -->
77        <provider
78            android:name="androidx.core.content.FileProvider"
78-->src/main/AndroidManifest.xml:50:13-62
79            android:authorities="com.studyinfo.app.fileprovider"
79-->src/main/AndroidManifest.xml:51:13-64
80            android:exported="false"
80-->src/main/AndroidManifest.xml:52:13-37
81            android:grantUriPermissions="true" >
81-->src/main/AndroidManifest.xml:53:13-47
82            <meta-data
82-->src/main/AndroidManifest.xml:54:13-56:54
83                android:name="android.support.FILE_PROVIDER_PATHS"
83-->src/main/AndroidManifest.xml:55:17-67
84                android:resource="@xml/file_paths" />
84-->src/main/AndroidManifest.xml:56:17-51
85        </provider>
86
87        <service
87-->[androidx.work:work-runtime:2.9.1] AndroidManifest.xml:39:9-45:35
88            android:name="androidx.work.impl.background.systemalarm.SystemAlarmService"
88-->[androidx.work:work-runtime:2.9.1] AndroidManifest.xml:40:13-88
89            android:directBootAware="false"
89-->[androidx.work:work-runtime:2.9.1] AndroidManifest.xml:41:13-44
90            android:enabled="@bool/enable_system_alarm_service_default"
90-->[androidx.work:work-runtime:2.9.1] AndroidManifest.xml:42:13-72
91            android:exported="false" />
91-->[androidx.work:work-runtime:2.9.1] AndroidManifest.xml:43:13-37
92        <service
92-->[androidx.work:work-runtime:2.9.1] AndroidManifest.xml:46:9-52:35
93            android:name="androidx.work.impl.background.systemjob.SystemJobService"
93-->[androidx.work:work-runtime:2.9.1] AndroidManifest.xml:47:13-84
94            android:directBootAware="false"
94-->[androidx.work:work-runtime:2.9.1] AndroidManifest.xml:48:13-44
95            android:enabled="@bool/enable_system_job_service_default"
95-->[androidx.work:work-runtime:2.9.1] AndroidManifest.xml:49:13-70
96            android:exported="true"
96-->[androidx.work:work-runtime:2.9.1] AndroidManifest.xml:50:13-36
97            android:permission="android.permission.BIND_JOB_SERVICE" />
97-->[androidx.work:work-runtime:2.9.1] AndroidManifest.xml:51:13-69
98        <service
98-->[androidx.work:work-runtime:2.9.1] AndroidManifest.xml:53:9-59:35
99            android:name="androidx.work.impl.foreground.SystemForegroundService"
99-->[androidx.work:work-runtime:2.9.1] AndroidManifest.xml:54:13-81
100            android:directBootAware="false"
100-->[androidx.work:work-runtime:2.9.1] AndroidManifest.xml:55:13-44
101            android:enabled="@bool/enable_system_foreground_service_default"
101-->[androidx.work:work-runtime:2.9.1] AndroidManifest.xml:56:13-77
102            android:exported="false" />
102-->[androidx.work:work-runtime:2.9.1] AndroidManifest.xml:57:13-37
103
104        <receiver
104-->[androidx.work:work-runtime:2.9.1] AndroidManifest.xml:61:9-66:35
105            android:name="androidx.work.impl.utils.ForceStopRunnable$BroadcastReceiver"
105-->[androidx.work:work-runtime:2.9.1] AndroidManifest.xml:62:13-88
106            android:directBootAware="false"
106-->[androidx.work:work-runtime:2.9.1] AndroidManifest.xml:63:13-44
107            android:enabled="true"
107-->[androidx.work:work-runtime:2.9.1] AndroidManifest.xml:64:13-35
108            android:exported="false" />
108-->[androidx.work:work-runtime:2.9.1] AndroidManifest.xml:65:13-37
109        <receiver
109-->[androidx.work:work-runtime:2.9.1] AndroidManifest.xml:67:9-77:20
110            android:name="androidx.work.impl.background.systemalarm.ConstraintProxy$BatteryChargingProxy"
110-->[androidx.work:work-runtime:2.9.1] AndroidManifest.xml:68:13-106
111            android:directBootAware="false"
111-->[androidx.work:work-runtime:2.9.1] AndroidManifest.xml:69:13-44
112            android:enabled="false"
112-->[androidx.work:work-runtime:2.9.1] AndroidManifest.xml:70:13-36
113            android:exported="false" >
113-->[androidx.work:work-runtime:2.9.1] AndroidManifest.xml:71:13-37
114            <intent-filter>
114-->[androidx.work:work-runtime:2.9.1] AndroidManifest.xml:73:13-76:29
115                <action android:name="android.intent.action.ACTION_POWER_CONNECTED" />
115-->[androidx.work:work-runtime:2.9.1] AndroidManifest.xml:74:17-87
115-->[androidx.work:work-runtime:2.9.1] AndroidManifest.xml:74:25-84
116                <action android:name="android.intent.action.ACTION_POWER_DISCONNECTED" />
116-->[androidx.work:work-runtime:2.9.1] AndroidManifest.xml:75:17-90
116-->[androidx.work:work-runtime:2.9.1] AndroidManifest.xml:75:25-87
117            </intent-filter>
118        </receiver>
119        <receiver
119-->[androidx.work:work-runtime:2.9.1] AndroidManifest.xml:78:9-88:20
120            android:name="androidx.work.impl.background.systemalarm.ConstraintProxy$BatteryNotLowProxy"
120-->[androidx.work:work-runtime:2.9.1] AndroidManifest.xml:79:13-104
121            android:directBootAware="false"
121-->[androidx.work:work-runtime:2.9.1] AndroidManifest.xml:80:13-44
122            android:enabled="false"
122-->[androidx.work:work-runtime:2.9.1] AndroidManifest.xml:81:13-36
123            android:exported="false" >
123-->[androidx.work:work-runtime:2.9.1] AndroidManifest.xml:82:13-37
124            <intent-filter>
124-->[androidx.work:work-runtime:2.9.1] AndroidManifest.xml:84:13-87:29
125                <action android:name="android.intent.action.BATTERY_OKAY" />
125-->[androidx.work:work-runtime:2.9.1] AndroidManifest.xml:85:17-77
125-->[androidx.work:work-runtime:2.9.1] AndroidManifest.xml:85:25-74
126                <action android:name="android.intent.action.BATTERY_LOW" />
126-->[androidx.work:work-runtime:2.9.1] AndroidManifest.xml:86:17-76
126-->[androidx.work:work-runtime:2.9.1] AndroidManifest.xml:86:25-73
127            </intent-filter>
128        </receiver>
129        <receiver
129-->[androidx.work:work-runtime:2.9.1] AndroidManifest.xml:89:9-99:20
130            android:name="androidx.work.impl.background.systemalarm.ConstraintProxy$StorageNotLowProxy"
130-->[androidx.work:work-runtime:2.9.1] AndroidManifest.xml:90:13-104
131            android:directBootAware="false"
131-->[androidx.work:work-runtime:2.9.1] AndroidManifest.xml:91:13-44
132            android:enabled="false"
132-->[androidx.work:work-runtime:2.9.1] AndroidManifest.xml:92:13-36
133            android:exported="false" >
133-->[androidx.work:work-runtime:2.9.1] AndroidManifest.xml:93:13-37
134            <intent-filter>
134-->[androidx.work:work-runtime:2.9.1] AndroidManifest.xml:95:13-98:29
135                <action android:name="android.intent.action.DEVICE_STORAGE_LOW" />
135-->[androidx.work:work-runtime:2.9.1] AndroidManifest.xml:96:17-83
135-->[androidx.work:work-runtime:2.9.1] AndroidManifest.xml:96:25-80
136                <action android:name="android.intent.action.DEVICE_STORAGE_OK" />
136-->[androidx.work:work-runtime:2.9.1] AndroidManifest.xml:97:17-82
136-->[androidx.work:work-runtime:2.9.1] AndroidManifest.xml:97:25-79
137            </intent-filter>
138        </receiver>
139        <receiver
139-->[androidx.work:work-runtime:2.9.1] AndroidManifest.xml:100:9-109:20
140            android:name="androidx.work.impl.background.systemalarm.ConstraintProxy$NetworkStateProxy"
140-->[androidx.work:work-runtime:2.9.1] AndroidManifest.xml:101:13-103
141            android:directBootAware="false"
141-->[androidx.work:work-runtime:2.9.1] AndroidManifest.xml:102:13-44
142            android:enabled="false"
142-->[androidx.work:work-runtime:2.9.1] AndroidManifest.xml:103:13-36
143            android:exported="false" >
143-->[androidx.work:work-runtime:2.9.1] AndroidManifest.xml:104:13-37
144            <intent-filter>
144-->[androidx.work:work-runtime:2.9.1] AndroidManifest.xml:106:13-108:29
145                <action android:name="android.net.conn.CONNECTIVITY_CHANGE" />
145-->[androidx.work:work-runtime:2.9.1] AndroidManifest.xml:107:17-79
145-->[androidx.work:work-runtime:2.9.1] AndroidManifest.xml:107:25-76
146            </intent-filter>
147        </receiver>
148        <receiver
148-->[androidx.work:work-runtime:2.9.1] AndroidManifest.xml:110:9-121:20
149            android:name="androidx.work.impl.background.systemalarm.RescheduleReceiver"
149-->[androidx.work:work-runtime:2.9.1] AndroidManifest.xml:111:13-88
150            android:directBootAware="false"
150-->[androidx.work:work-runtime:2.9.1] AndroidManifest.xml:112:13-44
151            android:enabled="false"
151-->[androidx.work:work-runtime:2.9.1] AndroidManifest.xml:113:13-36
152            android:exported="false" >
152-->[androidx.work:work-runtime:2.9.1] AndroidManifest.xml:114:13-37
153            <intent-filter>
153-->[androidx.work:work-runtime:2.9.1] AndroidManifest.xml:116:13-120:29
154                <action android:name="android.intent.action.BOOT_COMPLETED" />
154-->[androidx.work:work-runtime:2.9.1] AndroidManifest.xml:117:17-79
154-->[androidx.work:work-runtime:2.9.1] AndroidManifest.xml:117:25-76
155                <action android:name="android.intent.action.TIME_SET" />
155-->[androidx.work:work-runtime:2.9.1] AndroidManifest.xml:118:17-73
155-->[androidx.work:work-runtime:2.9.1] AndroidManifest.xml:118:25-70
156                <action android:name="android.intent.action.TIMEZONE_CHANGED" />
156-->[androidx.work:work-runtime:2.9.1] AndroidManifest.xml:119:17-81
156-->[androidx.work:work-runtime:2.9.1] AndroidManifest.xml:119:25-78
157            </intent-filter>
158        </receiver>
159        <receiver
159-->[androidx.work:work-runtime:2.9.1] AndroidManifest.xml:122:9-131:20
160            android:name="androidx.work.impl.background.systemalarm.ConstraintProxyUpdateReceiver"
160-->[androidx.work:work-runtime:2.9.1] AndroidManifest.xml:123:13-99
161            android:directBootAware="false"
161-->[androidx.work:work-runtime:2.9.1] AndroidManifest.xml:124:13-44
162            android:enabled="@bool/enable_system_alarm_service_default"
162-->[androidx.work:work-runtime:2.9.1] AndroidManifest.xml:125:13-72
163            android:exported="false" >
163-->[androidx.work:work-runtime:2.9.1] AndroidManifest.xml:126:13-37
164            <intent-filter>
164-->[androidx.work:work-runtime:2.9.1] AndroidManifest.xml:128:13-130:29
165                <action android:name="androidx.work.impl.background.systemalarm.UpdateProxies" />
165-->[androidx.work:work-runtime:2.9.1] AndroidManifest.xml:129:17-98
165-->[androidx.work:work-runtime:2.9.1] AndroidManifest.xml:129:25-95
166            </intent-filter>
167        </receiver>
168        <receiver
168-->[androidx.work:work-runtime:2.9.1] AndroidManifest.xml:132:9-142:20
169            android:name="androidx.work.impl.diagnostics.DiagnosticsReceiver"
169-->[androidx.work:work-runtime:2.9.1] AndroidManifest.xml:133:13-78
170            android:directBootAware="false"
170-->[androidx.work:work-runtime:2.9.1] AndroidManifest.xml:134:13-44
171            android:enabled="true"
171-->[androidx.work:work-runtime:2.9.1] AndroidManifest.xml:135:13-35
172            android:exported="true"
172-->[androidx.work:work-runtime:2.9.1] AndroidManifest.xml:136:13-36
173            android:permission="android.permission.DUMP" >
173-->[androidx.work:work-runtime:2.9.1] AndroidManifest.xml:137:13-57
174            <intent-filter>
174-->[androidx.work:work-runtime:2.9.1] AndroidManifest.xml:139:13-141:29
175                <action android:name="androidx.work.diagnostics.REQUEST_DIAGNOSTICS" />
175-->[androidx.work:work-runtime:2.9.1] AndroidManifest.xml:140:17-88
175-->[androidx.work:work-runtime:2.9.1] AndroidManifest.xml:140:25-85
176            </intent-filter>
177        </receiver>
178
179        <activity
179-->[com.google.firebase:firebase-auth:24.2.0] AndroidManifest.xml:29:9-46:20
180            android:name="com.google.firebase.auth.internal.GenericIdpActivity"
180-->[com.google.firebase:firebase-auth:24.2.0] AndroidManifest.xml:30:13-80
181            android:excludeFromRecents="true"
181-->[com.google.firebase:firebase-auth:24.2.0] AndroidManifest.xml:31:13-46
182            android:exported="true"
182-->[com.google.firebase:firebase-auth:24.2.0] AndroidManifest.xml:32:13-36
183            android:launchMode="singleTask"
183-->[com.google.firebase:firebase-auth:24.2.0] AndroidManifest.xml:33:13-44
184            android:theme="@android:style/Theme.Translucent.NoTitleBar" >
184-->[com.google.firebase:firebase-auth:24.2.0] AndroidManifest.xml:34:13-72
185            <intent-filter>
185-->[com.google.firebase:firebase-auth:24.2.0] AndroidManifest.xml:35:13-45:29
186                <action android:name="android.intent.action.VIEW" />
186-->[com.google.firebase:firebase-auth:24.2.0] AndroidManifest.xml:36:17-69
186-->[com.google.firebase:firebase-auth:24.2.0] AndroidManifest.xml:36:25-66
187
188                <category android:name="android.intent.category.DEFAULT" />
188-->[com.google.firebase:firebase-auth:24.2.0] AndroidManifest.xml:38:17-76
188-->[com.google.firebase:firebase-auth:24.2.0] AndroidManifest.xml:38:27-73
189                <category android:name="android.intent.category.BROWSABLE" />
189-->[com.google.firebase:firebase-auth:24.2.0] AndroidManifest.xml:39:17-78
189-->[com.google.firebase:firebase-auth:24.2.0] AndroidManifest.xml:39:27-75
190
191                <data
191-->[com.google.firebase:firebase-auth:24.2.0] AndroidManifest.xml:41:17-44:51
192                    android:host="firebase.auth"
192-->[com.google.firebase:firebase-auth:24.2.0] AndroidManifest.xml:42:21-49
193                    android:path="/"
193-->[com.google.firebase:firebase-auth:24.2.0] AndroidManifest.xml:43:21-37
194                    android:scheme="genericidp" />
194-->[com.google.firebase:firebase-auth:24.2.0] AndroidManifest.xml:44:21-48
195            </intent-filter>
196        </activity>
197        <activity
197-->[com.google.firebase:firebase-auth:24.2.0] AndroidManifest.xml:47:9-64:20
198            android:name="com.google.firebase.auth.internal.RecaptchaActivity"
198-->[com.google.firebase:firebase-auth:24.2.0] AndroidManifest.xml:48:13-79
199            android:excludeFromRecents="true"
199-->[com.google.firebase:firebase-auth:24.2.0] AndroidManifest.xml:49:13-46
200            android:exported="true"
200-->[com.google.firebase:firebase-auth:24.2.0] AndroidManifest.xml:50:13-36
201            android:launchMode="singleTask"
201-->[com.google.firebase:firebase-auth:24.2.0] AndroidManifest.xml:51:13-44
202            android:theme="@android:style/Theme.Translucent.NoTitleBar" >
202-->[com.google.firebase:firebase-auth:24.2.0] AndroidManifest.xml:52:13-72
203            <intent-filter>
203-->[com.google.firebase:firebase-auth:24.2.0] AndroidManifest.xml:53:13-63:29
204                <action android:name="android.intent.action.VIEW" />
204-->[com.google.firebase:firebase-auth:24.2.0] AndroidManifest.xml:36:17-69
204-->[com.google.firebase:firebase-auth:24.2.0] AndroidManifest.xml:36:25-66
205
206                <category android:name="android.intent.category.DEFAULT" />
206-->[com.google.firebase:firebase-auth:24.2.0] AndroidManifest.xml:38:17-76
206-->[com.google.firebase:firebase-auth:24.2.0] AndroidManifest.xml:38:27-73
207                <category android:name="android.intent.category.BROWSABLE" />
207-->[com.google.firebase:firebase-auth:24.2.0] AndroidManifest.xml:39:17-78
207-->[com.google.firebase:firebase-auth:24.2.0] AndroidManifest.xml:39:27-75
208
209                <data
209-->[com.google.firebase:firebase-auth:24.2.0] AndroidManifest.xml:41:17-44:51
210                    android:host="firebase.auth"
210-->[com.google.firebase:firebase-auth:24.2.0] AndroidManifest.xml:42:21-49
211                    android:path="/"
211-->[com.google.firebase:firebase-auth:24.2.0] AndroidManifest.xml:43:21-37
212                    android:scheme="recaptcha" />
212-->[com.google.firebase:firebase-auth:24.2.0] AndroidManifest.xml:44:21-48
213            </intent-filter>
214        </activity>
215
216        <service
216-->[com.google.firebase:firebase-auth:24.2.0] AndroidManifest.xml:66:9-72:19
217            android:name="com.google.firebase.components.ComponentDiscoveryService"
217-->[com.google.firebase:firebase-auth:24.2.0] AndroidManifest.xml:67:13-84
218            android:directBootAware="true"
218-->[com.google.firebase:firebase-common:22.2.1] AndroidManifest.xml:32:13-43
219            android:exported="false" >
219-->[com.google.firebase:firebase-auth:24.2.0] AndroidManifest.xml:68:13-37
220            <meta-data
220-->[com.google.firebase:firebase-auth:24.2.0] AndroidManifest.xml:69:13-71:85
221                android:name="com.google.firebase.components:com.google.firebase.auth.FirebaseAuthRegistrar"
221-->[com.google.firebase:firebase-auth:24.2.0] AndroidManifest.xml:70:17-109
222                android:value="com.google.firebase.components.ComponentRegistrar" />
222-->[com.google.firebase:firebase-auth:24.2.0] AndroidManifest.xml:71:17-82
223            <meta-data
223-->[com.google.firebase:firebase-firestore:26.6.0] AndroidManifest.xml:17:13-19:85
224                android:name="com.google.firebase.components:com.google.firebase.firestore.FirebaseFirestoreKtxRegistrar"
224-->[com.google.firebase:firebase-firestore:26.6.0] AndroidManifest.xml:18:17-122
225                android:value="com.google.firebase.components.ComponentRegistrar" />
225-->[com.google.firebase:firebase-firestore:26.6.0] AndroidManifest.xml:19:17-82
226            <meta-data
226-->[com.google.firebase:firebase-firestore:26.6.0] AndroidManifest.xml:20:13-22:85
227                android:name="com.google.firebase.components:com.google.firebase.firestore.FirestoreRegistrar"
227-->[com.google.firebase:firebase-firestore:26.6.0] AndroidManifest.xml:21:17-111
228                android:value="com.google.firebase.components.ComponentRegistrar" />
228-->[com.google.firebase:firebase-firestore:26.6.0] AndroidManifest.xml:22:17-82
229            <meta-data
229-->[com.google.android.gms:play-services-measurement-api:23.2.0] AndroidManifest.xml:33:13-35:85
230                android:name="com.google.firebase.components:com.google.firebase.analytics.connector.internal.AnalyticsConnectorRegistrar"
230-->[com.google.android.gms:play-services-measurement-api:23.2.0] AndroidManifest.xml:34:17-139
231                android:value="com.google.firebase.components.ComponentRegistrar" />
231-->[com.google.android.gms:play-services-measurement-api:23.2.0] AndroidManifest.xml:35:17-82
232            <meta-data
232-->[com.google.firebase:firebase-storage:22.0.2] AndroidManifest.xml:30:13-32:85
233                android:name="com.google.firebase.components:com.google.firebase.storage.FirebaseStorageKtxRegistrar"
233-->[com.google.firebase:firebase-storage:22.0.2] AndroidManifest.xml:31:17-118
234                android:value="com.google.firebase.components.ComponentRegistrar" />
234-->[com.google.firebase:firebase-storage:22.0.2] AndroidManifest.xml:32:17-82
235            <meta-data
235-->[com.google.firebase:firebase-storage:22.0.2] AndroidManifest.xml:33:13-35:85
236                android:name="com.google.firebase.components:com.google.firebase.storage.StorageRegistrar"
236-->[com.google.firebase:firebase-storage:22.0.2] AndroidManifest.xml:34:17-107
237                android:value="com.google.firebase.components.ComponentRegistrar" />
237-->[com.google.firebase:firebase-storage:22.0.2] AndroidManifest.xml:35:17-82
238            <meta-data
238-->[com.google.firebase:firebase-crashlytics:20.1.1] AndroidManifest.xml:15:13-17:85
239                android:name="com.google.firebase.components:com.google.firebase.crashlytics.FirebaseCrashlyticsKtxRegistrar"
239-->[com.google.firebase:firebase-crashlytics:20.1.1] AndroidManifest.xml:16:17-126
240                android:value="com.google.firebase.components.ComponentRegistrar" />
240-->[com.google.firebase:firebase-crashlytics:20.1.1] AndroidManifest.xml:17:17-82
241            <meta-data
241-->[com.google.firebase:firebase-crashlytics:20.1.1] AndroidManifest.xml:18:13-20:85
242                android:name="com.google.firebase.components:com.google.firebase.crashlytics.CrashlyticsRegistrar"
242-->[com.google.firebase:firebase-crashlytics:20.1.1] AndroidManifest.xml:19:17-115
243                android:value="com.google.firebase.components.ComponentRegistrar" />
243-->[com.google.firebase:firebase-crashlytics:20.1.1] AndroidManifest.xml:20:17-82
244            <meta-data
244-->[com.google.firebase:firebase-sessions:3.0.8] AndroidManifest.xml:29:13-31:85
245                android:name="com.google.firebase.components:com.google.firebase.sessions.FirebaseSessionsRegistrar"
245-->[com.google.firebase:firebase-sessions:3.0.8] AndroidManifest.xml:30:17-117
246                android:value="com.google.firebase.components.ComponentRegistrar" />
246-->[com.google.firebase:firebase-sessions:3.0.8] AndroidManifest.xml:31:17-82
247            <meta-data
247-->[com.google.firebase:firebase-installations:19.1.2] AndroidManifest.xml:15:13-17:85
248                android:name="com.google.firebase.components:com.google.firebase.installations.FirebaseInstallationsKtxRegistrar"
248-->[com.google.firebase:firebase-installations:19.1.2] AndroidManifest.xml:16:17-130
249                android:value="com.google.firebase.components.ComponentRegistrar" />
249-->[com.google.firebase:firebase-installations:19.1.2] AndroidManifest.xml:17:17-82
250            <meta-data
250-->[com.google.firebase:firebase-installations:19.1.2] AndroidManifest.xml:18:13-20:85
251                android:name="com.google.firebase.components:com.google.firebase.installations.FirebaseInstallationsRegistrar"
251-->[com.google.firebase:firebase-installations:19.1.2] AndroidManifest.xml:19:17-127
252                android:value="com.google.firebase.components.ComponentRegistrar" />
252-->[com.google.firebase:firebase-installations:19.1.2] AndroidManifest.xml:20:17-82
253            <meta-data
253-->[com.google.firebase:firebase-common:22.2.1] AndroidManifest.xml:35:13-37:85
254                android:name="com.google.firebase.components:com.google.firebase.FirebaseCommonKtxRegistrar"
254-->[com.google.firebase:firebase-common:22.2.1] AndroidManifest.xml:36:17-109
255                android:value="com.google.firebase.components.ComponentRegistrar" />
255-->[com.google.firebase:firebase-common:22.2.1] AndroidManifest.xml:37:17-82
256            <meta-data
256-->[com.google.firebase:firebase-appcheck:19.4.1] AndroidManifest.xml:25:13-27:85